{"/Users/saurabh/Desktop/jest-node/src/controllers/users/users.controller.ts": {"path":"/Users/saurabh/Desktop/jest-node/src/controllers/users/users.controller.ts","statementMap":{"0":{"start":{"line":5,"column":22},"end":{"line":14,"column":10}},"1":{"start":{"line":15,"column":8},"end":{"line":15,"column":34}},"2":{"start":{"line":16,"column":8},"end":{"line":16,"column":31}},"3":{"start":{"line":3,"column":0},"end":{"line":3,"column":21}}},"fnMap":{"0":{"name":"(anonymous_0)","decl":{"start":{"line":4,"column":11},"end":{"line":4,"column":17}},"loc":{"start":{"line":4,"column":62},"end":{"line":17,"column":5}}}},"branchMap":{},"s":{"0":1,"1":1,"2":1,"3":1},"f":{"0":1},"b":{}}
}
